Log started at 1745760944
Added monster: Goblin1
Added monster: Dragon1
Added monster: Skeleton1
Goblin1 takes 15 damage, HP now 35
Hero attacks Goblin1 for 15 damage!
Hero takes 5 damage, HP now 95
Goblin1 takes 15 damage, HP now 20
Hero attacks Goblin1 for 15 damage!
Hero takes 5 damage, HP now 90
Goblin1 takes 15 damage, HP now 5
Hero attacks Goblin1 for 15 damage!
Hero takes 5 damage, HP now 85
Goblin1 has been defeated!
Hero added Potion to inventory.
Hero heals for 20 HP!
Hero added Bow to inventory.
Game progress saved to game_save.txt
Loaded character: Hero
Loaded monster: Dragon1
Loaded monster: Skeleton1
Game progress loaded from game_save.txt
Hero attacks Dragon1, but it has no effect!
Hero takes 20 damage, HP now 80
Hero attacks Dragon1, but it has no effect!
Hero takes 20 damage, HP now 60
Hero attacks Dragon1, but it has no effect!
Hero takes 20 damage, HP now 40
Hero attacks Dragon1, but it has no effect!
Hero takes 20 damage, HP now 20
Hero attacks Dragon1, but it has no effect!
Hero takes 20 damage, HP now 0
Log started at 1745761250
Added monster: Goblin1
Added monster: Dragon1
Added monster: Skeleton1
